2023-01-07 08:39:53,524 INFO  [Log] ********************************** 
2023-01-07 08:39:53,525 INFO  [Log] ***************************************** 
2023-01-07 08:39:53,525 INFO  [Log] ############   My first test case is Login test ################ 
2023-01-07 08:39:53,525 INFO  [Log] ********************************** 
2023-01-07 08:39:53,525 INFO  [Log] ***************************************** 
2023-01-07 08:39:53,525 INFO  [Log] My login test is going on 
2023-01-07 08:39:53,525 INFO  [Log] My test case might be failed 
2023-01-07 08:39:55,532 INFO  [Log] My test case is about to complete 
2023-01-07 08:39:55,532 INFO  [Log] ################################## 
2023-01-07 08:39:55,532 INFO  [Log] ########################################## 
2023-01-07 08:39:55,532 INFO  [Log] ############   This is my login test again ################ 
2023-01-07 08:39:55,532 INFO  [Log] ########################## 
2023-01-07 08:39:55,532 INFO  [Log] ########################################## 
2023-01-07 08:39:58,075 INFO  [Log] ********************************** 
2023-01-07 08:39:58,075 INFO  [Log] ***************************************** 
2023-01-07 08:39:58,075 INFO  [Log] ############   My first test case is Login test ################ 
2023-01-07 08:39:58,075 INFO  [Log] ********************************** 
2023-01-07 08:39:58,075 INFO  [Log] ***************************************** 
2023-01-07 08:39:58,075 INFO  [Log] My login test is going on 
2023-01-07 08:39:58,075 INFO  [Log] My test case might be failed 
2023-01-07 08:39:59,879 INFO  [Log] My test case is about to complete 
2023-01-07 08:39:59,879 INFO  [Log] ################################## 
2023-01-07 08:39:59,879 INFO  [Log] ########################################## 
2023-01-07 08:39:59,879 INFO  [Log] ############   This is my login test again ################ 
2023-01-07 08:39:59,879 INFO  [Log] ########################## 
2023-01-07 08:39:59,879 INFO  [Log] ########################################## 
2023-01-07 08:40:02,298 INFO  [Log] ********************************** 
2023-01-07 08:40:02,298 INFO  [Log] ***************************************** 
2023-01-07 08:40:02,299 INFO  [Log] ############   My first test case is Login test ################ 
2023-01-07 08:40:02,299 INFO  [Log] ********************************** 
2023-01-07 08:40:02,299 INFO  [Log] ***************************************** 
2023-01-07 08:40:02,299 INFO  [Log] My login test is going on 
2023-01-07 08:40:02,299 INFO  [Log] My test case might be failed 
2023-01-07 08:40:03,029 INFO  [Log] My test case is about to complete 
2023-01-07 08:40:03,029 INFO  [Log] ################################## 
2023-01-07 08:40:03,029 INFO  [Log] ########################################## 
2023-01-07 08:40:03,029 INFO  [Log] ############   This is my login test again ################ 
2023-01-07 08:40:03,029 INFO  [Log] ########################## 
2023-01-07 08:40:03,029 INFO  [Log] ########################################## 
2023-01-07 08:40:05,424 INFO  [Log] ********************************** 
2023-01-07 08:40:05,424 INFO  [Log] ***************************************** 
2023-01-07 08:40:05,424 INFO  [Log] ############   My first test case is Login test ################ 
2023-01-07 08:40:05,424 INFO  [Log] ********************************** 
2023-01-07 08:40:05,424 INFO  [Log] ***************************************** 
2023-01-07 08:40:05,424 INFO  [Log] My login test is going on 
2023-01-07 08:40:05,424 INFO  [Log] My test case might be failed 
2023-01-07 08:40:06,515 INFO  [Log] My test case is about to complete 
2023-01-07 08:40:06,515 INFO  [Log] ################################## 
2023-01-07 08:40:06,515 INFO  [Log] ########################################## 
2023-01-07 08:40:06,515 INFO  [Log] ############   This is my login test again ################ 
2023-01-07 08:40:06,515 INFO  [Log] ########################## 
2023-01-07 08:40:06,515 INFO  [Log] ########################################## 
2023-01-07 08:40:08,828 INFO  [Log] ********************************** 
2023-01-07 08:40:08,828 INFO  [Log] ***************************************** 
2023-01-07 08:40:08,828 INFO  [Log] ############   My first test case is Login test ################ 
2023-01-07 08:40:08,828 INFO  [Log] ********************************** 
2023-01-07 08:40:08,828 INFO  [Log] ***************************************** 
2023-01-07 08:40:08,828 INFO  [Log] My login test is going on 
2023-01-07 08:40:08,828 INFO  [Log] My test case might be failed 
2023-01-07 08:40:09,593 INFO  [Log] My test case is about to complete 
2023-01-07 08:40:09,593 INFO  [Log] ################################## 
2023-01-07 08:40:09,593 INFO  [Log] ########################################## 
2023-01-07 08:40:09,593 INFO  [Log] ############   This is my login test again ################ 
2023-01-07 08:40:09,593 INFO  [Log] ########################## 
2023-01-07 08:40:09,593 INFO  [Log] ########################################## 
2023-01-07 08:40:11,883 INFO  [Log] ********************************** 
2023-01-07 08:40:11,883 INFO  [Log] ***************************************** 
2023-01-07 08:40:11,883 INFO  [Log] ############   My first test case is Login test ################ 
2023-01-07 08:40:11,883 INFO  [Log] ********************************** 
2023-01-07 08:40:11,883 INFO  [Log] ***************************************** 
2023-01-07 08:40:11,883 INFO  [Log] My login test is going on 
2023-01-07 08:40:11,883 INFO  [Log] My test case might be failed 
2023-01-07 08:40:12,515 INFO  [Log] My test case is about to complete 
2023-01-07 08:40:12,515 INFO  [Log] ################################## 
2023-01-07 08:40:12,515 INFO  [Log] ########################################## 
2023-01-07 08:40:12,515 INFO  [Log] ############   This is my login test again ################ 
2023-01-07 08:40:12,515 INFO  [Log] ########################## 
2023-01-07 08:40:12,515 INFO  [Log] ########################################## 
2023-01-07 08:40:14,750 INFO  [Log] ********************************** 
2023-01-07 08:40:14,750 INFO  [Log] ***************************************** 
2023-01-07 08:40:14,750 INFO  [Log] ############   My first test case is Login test ################ 
2023-01-07 08:40:14,750 INFO  [Log] ********************************** 
2023-01-07 08:40:14,750 INFO  [Log] ***************************************** 
2023-01-07 08:40:14,750 INFO  [Log] My login test is going on 
2023-01-07 08:40:14,750 INFO  [Log] My test case might be failed 
2023-01-07 08:40:15,359 INFO  [Log] My test case is about to complete 
2023-01-07 08:40:15,359 INFO  [Log] ################################## 
2023-01-07 08:40:15,359 INFO  [Log] ########################################## 
2023-01-07 08:40:15,359 INFO  [Log] ############   This is my login test again ################ 
2023-01-07 08:40:15,359 INFO  [Log] ########################## 
2023-01-07 08:40:15,359 INFO  [Log] ########################################## 
2023-01-07 08:42:40,796 INFO  [Log] ********************************** 
2023-01-07 08:42:40,796 INFO  [Log] ***************************************** 
2023-01-07 08:42:40,796 INFO  [Log] ############   My first test case is Login test ################ 
2023-01-07 08:42:40,796 INFO  [Log] ********************************** 
2023-01-07 08:42:40,796 INFO  [Log] ***************************************** 
2023-01-07 08:42:40,796 INFO  [Log] My login test is going on 
2023-01-07 08:42:40,796 INFO  [Log] My test case might be failed 
2023-01-07 08:42:42,657 INFO  [Log] My test case is about to complete 
2023-01-07 08:42:42,657 INFO  [Log] ################################## 
2023-01-07 08:42:42,657 INFO  [Log] ########################################## 
2023-01-07 08:42:42,657 INFO  [Log] ############   This is my login test again ################ 
2023-01-07 08:42:42,657 INFO  [Log] ########################## 
2023-01-07 08:42:42,657 INFO  [Log] ########################################## 
2023-01-08 09:35:07,918 INFO  [Log] ********************************** 
2023-01-08 09:35:07,919 INFO  [Log] ***************************************** 
2023-01-08 09:35:07,919 INFO  [Log] ############   My first test case is Login test ################ 
2023-01-08 09:35:07,919 INFO  [Log] ********************************** 
2023-01-08 09:35:07,919 INFO  [Log] ***************************************** 
2023-01-08 09:35:07,919 INFO  [Log] My login test is going on 
2023-01-08 09:35:07,919 INFO  [Log] My test case might be failed 
2023-01-08 09:35:13,050 INFO  [Log] My test case is about to complete 
2023-01-08 09:35:13,050 INFO  [Log] ################################## 
2023-01-08 09:35:13,050 INFO  [Log] ########################################## 
2023-01-08 09:35:13,050 INFO  [Log] ############   This is my login test again ################ 
2023-01-08 09:35:13,050 INFO  [Log] ########################## 
2023-01-08 09:35:13,050 INFO  [Log] ########################################## 
2023-01-08 13:24:02,150 INFO  [Log] ********************************** 
2023-01-08 13:24:02,151 INFO  [Log] ***************************************** 
2023-01-08 13:24:02,151 INFO  [Log] ############   My first test case is Login test ################ 
2023-01-08 13:24:02,151 INFO  [Log] ********************************** 
2023-01-08 13:24:02,151 INFO  [Log] ***************************************** 
2023-01-08 13:24:02,152 INFO  [Log] My login test is going on 
2023-01-08 13:24:02,152 INFO  [Log] My test case might be failed 
2023-01-08 13:24:10,982 INFO  [Log] My test case is about to complete 
2023-01-08 13:24:10,982 INFO  [Log] ################################## 
2023-01-08 13:24:10,983 INFO  [Log] ########################################## 
2023-01-08 13:24:10,983 INFO  [Log] ############   This is my login test again ################ 
2023-01-08 13:24:10,983 INFO  [Log] ########################## 
2023-01-08 13:24:10,983 INFO  [Log] ########################################## 
2023-01-08 13:29:28,862 INFO  [Log] ********************************** 
2023-01-08 13:29:28,863 INFO  [Log] ***************************************** 
2023-01-08 13:29:28,863 INFO  [Log] ############   My first test case is Login test ################ 
2023-01-08 13:29:28,863 INFO  [Log] ********************************** 
2023-01-08 13:29:28,863 INFO  [Log] ***************************************** 
2023-01-08 13:29:28,863 INFO  [Log] My login test is going on 
2023-01-08 13:29:28,863 INFO  [Log] My test case might be failed 
2023-01-08 13:29:35,659 INFO  [Log] My test case is about to complete 
2023-01-08 13:29:35,660 INFO  [Log] ################################## 
2023-01-08 13:29:35,660 INFO  [Log] ########################################## 
2023-01-08 13:29:35,660 INFO  [Log] ############   This is my login test again ################ 
2023-01-08 13:29:35,660 INFO  [Log] ########################## 
2023-01-08 13:29:35,660 INFO  [Log] ########################################## 
2023-01-08 13:31:20,610 INFO  [Log] ********************************** 
2023-01-08 13:31:20,610 INFO  [Log] ***************************************** 
2023-01-08 13:31:20,610 INFO  [Log] ############   My first test case is Login test ################ 
2023-01-08 13:31:20,610 INFO  [Log] ********************************** 
2023-01-08 13:31:20,610 INFO  [Log] ***************************************** 
2023-01-08 13:31:20,610 INFO  [Log] My login test is going on 
2023-01-08 13:31:20,610 INFO  [Log] My test case might be failed 
2023-01-08 13:31:26,934 INFO  [Log] My test case is about to complete 
2023-01-08 13:31:26,935 INFO  [Log] ################################## 
2023-01-08 13:31:26,935 INFO  [Log] ########################################## 
2023-01-08 13:31:26,935 INFO  [Log] ############   This is my login test again ################ 
2023-01-08 13:31:26,935 INFO  [Log] ########################## 
2023-01-08 13:31:26,935 INFO  [Log] ########################################## 
2023-01-08 13:32:33,463 INFO  [Log] ********************************** 
2023-01-08 13:32:33,463 INFO  [Log] ***************************************** 
2023-01-08 13:32:33,463 INFO  [Log] ############   My first test case is Login test ################ 
2023-01-08 13:32:33,463 INFO  [Log] ********************************** 
2023-01-08 13:32:33,463 INFO  [Log] ***************************************** 
2023-01-08 13:32:33,463 INFO  [Log] My login test is going on 
2023-01-08 13:32:33,463 INFO  [Log] My test case might be failed 
2023-01-08 13:32:40,006 INFO  [Log] My test case is about to complete 
2023-01-08 13:32:40,006 INFO  [Log] ################################## 
2023-01-08 13:32:40,006 INFO  [Log] ########################################## 
2023-01-08 13:32:40,006 INFO  [Log] ############   This is my login test again ################ 
2023-01-08 13:32:40,006 INFO  [Log] ########################## 
2023-01-08 13:32:40,006 INFO  [Log] ########################################## 
2023-01-08 13:34:58,676 INFO  [Log] ********************************** 
2023-01-08 13:34:58,676 INFO  [Log] ***************************************** 
2023-01-08 13:34:58,676 INFO  [Log] ############   My first test case is Login test ################ 
2023-01-08 13:34:58,676 INFO  [Log] ********************************** 
2023-01-08 13:34:58,676 INFO  [Log] ***************************************** 
2023-01-08 13:34:58,676 INFO  [Log] My login test is going on 
2023-01-08 13:34:58,677 INFO  [Log] My test case might be failed 
2023-01-08 13:35:05,113 INFO  [Log] My test case is about to complete 
2023-01-08 13:35:05,113 INFO  [Log] ################################## 
2023-01-08 13:35:05,113 INFO  [Log] ########################################## 
2023-01-08 13:35:05,113 INFO  [Log] ############   This is my login test again ################ 
2023-01-08 13:35:05,113 INFO  [Log] ########################## 
2023-01-08 13:35:05,113 INFO  [Log] ########################################## 
2023-01-08 14:24:52,194 INFO  [Log] ********************************** 
2023-01-08 14:24:52,195 INFO  [Log] ***************************************** 
2023-01-08 14:24:52,195 INFO  [Log] ############   My first test case is Login test ################ 
2023-01-08 14:24:52,195 INFO  [Log] ********************************** 
2023-01-08 14:24:52,195 INFO  [Log] ***************************************** 
2023-01-08 14:24:52,195 INFO  [Log] My login test is going on 
2023-01-08 14:24:52,195 INFO  [Log] My test case might be failed 
2023-01-08 14:25:03,876 INFO  [Log] My test case is about to complete 
2023-01-08 14:25:03,877 INFO  [Log] ################################## 
2023-01-08 14:25:03,877 INFO  [Log] ########################################## 
2023-01-08 14:25:03,877 INFO  [Log] ############   This is my login test again ################ 
2023-01-08 14:25:03,877 INFO  [Log] ########################## 
2023-01-08 14:25:03,877 INFO  [Log] ########################################## 
2023-01-08 14:25:15,487 INFO  [Log] ********************************** 
2023-01-08 14:25:15,487 INFO  [Log] ***************************************** 
2023-01-08 14:25:15,487 INFO  [Log] ############   My first test case is Login test ################ 
2023-01-08 14:25:15,487 INFO  [Log] ********************************** 
2023-01-08 14:25:15,487 INFO  [Log] ***************************************** 
2023-01-08 14:25:15,487 INFO  [Log] My login test is going on 
2023-01-08 14:25:15,487 INFO  [Log] My test case might be failed 
2023-01-08 14:25:22,329 INFO  [Log] My test case is about to complete 
2023-01-08 14:25:22,329 INFO  [Log] ################################## 
2023-01-08 14:25:22,329 INFO  [Log] ########################################## 
2023-01-08 14:25:22,329 INFO  [Log] ############   This is my login test again ################ 
2023-01-08 14:25:22,329 INFO  [Log] ########################## 
2023-01-08 14:25:22,329 INFO  [Log] ########################################## 
2023-01-08 14:29:51,552 INFO  [Log] ********************************** 
2023-01-08 14:29:51,552 INFO  [Log] ***************************************** 
2023-01-08 14:29:51,552 INFO  [Log] ############   My first test case is Login test ################ 
2023-01-08 14:29:51,552 INFO  [Log] ********************************** 
2023-01-08 14:29:51,552 INFO  [Log] ***************************************** 
2023-01-08 14:29:51,552 INFO  [Log] My login test is going on 
2023-01-08 14:29:51,553 INFO  [Log] My test case might be failed 
2023-01-08 14:29:57,818 INFO  [Log] My test case is about to complete 
2023-01-08 14:29:57,819 INFO  [Log] ################################## 
2023-01-08 14:29:57,819 INFO  [Log] ########################################## 
2023-01-08 14:29:57,819 INFO  [Log] ############   This is my login test again ################ 
2023-01-08 14:29:57,819 INFO  [Log] ########################## 
2023-01-08 14:29:57,819 INFO  [Log] ########################################## 
2023-01-08 14:51:29,296 INFO  [Log] ********************************** 
2023-01-08 14:51:29,297 INFO  [Log] ***************************************** 
2023-01-08 14:51:29,297 INFO  [Log] ############   My first test case is Login test ################ 
2023-01-08 14:51:29,297 INFO  [Log] ********************************** 
2023-01-08 14:51:29,297 INFO  [Log] ***************************************** 
2023-01-08 14:51:29,297 INFO  [Log] My login test is going on 
2023-01-08 14:51:29,297 INFO  [Log] My test case might be failed 
2023-01-08 14:51:35,837 INFO  [Log] My test case is about to complete 
2023-01-08 14:51:35,837 INFO  [Log] ################################## 
2023-01-08 14:51:35,837 INFO  [Log] ########################################## 
2023-01-08 14:51:35,837 INFO  [Log] ############   This is my login test again ################ 
2023-01-08 14:51:35,837 INFO  [Log] ########################## 
2023-01-08 14:51:35,837 INFO  [Log] ########################################## 
